INFO 2025-12-18 10:43:06,110 autoreload 18270 140235683576768 Watching for file changes with StatReloader
WARNING 2025-12-18 10:43:13,771 log 18270 140235610302144 Not Found: /
WARNING 2025-12-18 10:43:13,773 log 18270 140235610302144 "GET / HTTP/1.1" 404 3774
WARNING 2025-12-18 10:43:14,190 log 18270 140235610302144 Not Found: /favicon.ico
WARNING 2025-12-18 10:43:14,191 log 18270 140235610302144 "GET /favicon.ico HTTP/1.1" 404 3825
INFO 2025-12-18 10:43:23,957 log 18270 140235610302144 "GET /admin/ HTTP/1.1" 302 0
INFO 2025-12-18 10:43:24,351 log 18270 140235610302144 "GET /admin/login/?next=/admin/ HTTP/1.1" 200 4077
INFO 2025-12-18 10:43:24,850 log 18270 140235601909440 "GET /static/admin/js/theme.js HTTP/1.1" 200 1653
INFO 2025-12-18 10:43:24,862 log 18270 140235610302144 "GET /static/admin/css/base.css HTTP/1.1" 200 23100
INFO 2025-12-18 10:43:24,863 log 18270 140235592468160 "GET /static/admin/css/dark_mode.css HTTP/1.1" 200 3538
INFO 2025-12-18 10:43:24,963 log 18270 140235371439808 "GET /static/admin/css/login.css HTTP/1.1" 200 951
INFO 2025-12-18 10:43:24,964 log 18270 140235379832512 "GET /static/admin/css/responsive.css HTTP/1.1" 200 16194
INFO 2025-12-18 10:43:25,032 log 18270 140235610302144 "GET /static/admin/css/nav_sidebar.css HTTP/1.1" 200 2810
INFO 2025-12-18 10:43:25,327 log 18270 140235610302144 "GET /static/admin/js/nav_sidebar.js HTTP/1.1" 200 3063
INFO 2025-12-18 10:44:57,406 autoreload 18570 140043355917248 Watching for file changes with StatReloader
INFO 2025-12-18 10:45:07,762 log 18570 140043281540800 "POST /admin/login/?next=/admin/ HTTP/1.1" 200 4254
INFO 2025-12-18 10:45:07,809 log 18570 140043281540800 "GET /static/admin/css/base.css HTTP/1.1" 304 0
INFO 2025-12-18 10:45:07,825 log 18570 140043273148096 "GET /static/admin/css/nav_sidebar.css HTTP/1.1" 304 0
INFO 2025-12-18 10:45:07,828 log 18570 140043263706816 "GET /static/admin/css/login.css HTTP/1.1" 304 0
INFO 2025-12-18 10:45:07,829 log 18570 140043281540800 "GET /static/admin/css/dark_mode.css HTTP/1.1" 304 0
INFO 2025-12-18 10:45:07,834 log 18570 140043037435584 "GET /static/admin/css/responsive.css HTTP/1.1" 304 0
INFO 2025-12-18 10:45:07,836 log 18570 140043045828288 "GET /static/admin/js/theme.js HTTP/1.1" 304 0
INFO 2025-12-18 10:45:07,851 log 18570 140043045828288 "GET /static/admin/js/nav_sidebar.js HTTP/1.1" 304 0
INFO 2025-12-18 10:45:21,760 autoreload 18570 140043355917248 /home/andrew/workvixb/backend/offers/models.py changed, reloading.
INFO 2025-12-18 10:45:22,843 autoreload 18704 140279631653824 Watching for file changes with StatReloader
INFO 2025-12-18 10:46:11,621 autoreload 18804 139825046805440 Watching for file changes with StatReloader
INFO 2025-12-18 10:46:17,055 log 18804 139824973477568 "POST /admin/login/?next=/admin/ HTTP/1.1" 200 4254
INFO 2025-12-18 10:46:21,778 log 18804 139824973477568 "POST /admin/login/?next=/admin/ HTTP/1.1" 200 4254
INFO 2025-12-18 10:47:14,405 autoreload 19046 140049335323584 Watching for file changes with StatReloader
INFO 2025-12-18 10:47:36,206 log 19046 140049261786816 "POST /admin/login/?next=/admin/ HTTP/1.1" 302 0
INFO 2025-12-18 10:47:36,312 log 19046 140049261786816 "GET /admin/ HTTP/1.1" 200 9389
INFO 2025-12-18 10:47:36,394 log 19046 140049261786816 "GET /static/admin/css/base.css HTTP/1.1" 304 0
INFO 2025-12-18 10:47:36,401 log 19046 140049235560128 "GET /static/admin/js/theme.js HTTP/1.1" 304 0
INFO 2025-12-18 10:47:36,405 log 19046 140049253394112 "GET /static/admin/css/dark_mode.css HTTP/1.1" 304 0
INFO 2025-12-18 10:47:36,406 log 19046 140049243952832 "GET /static/admin/css/nav_sidebar.css HTTP/1.1" 304 0
INFO 2025-12-18 10:47:36,406 log 19046 140048884299456 "GET /static/admin/css/responsive.css HTTP/1.1" 304 0
INFO 2025-12-18 10:47:36,447 log 19046 140049261786816 "GET /static/admin/js/nav_sidebar.js HTTP/1.1" 304 0
INFO 2025-12-18 10:47:36,560 log 19046 140049261786816 "GET /static/admin/css/dashboard.css HTTP/1.1" 200 441
INFO 2025-12-18 10:47:36,660 log 19046 140049261786816 "GET /static/admin/img/icon-addlink.svg HTTP/1.1" 200 593
INFO 2025-12-18 10:47:36,683 log 19046 140049261786816 "GET /static/admin/img/icon-changelink.svg HTTP/1.1" 200 978
INFO 2025-12-18 10:47:55,981 log 19046 140049261786816 "GET /admin/users/user/ HTTP/1.1" 200 16982
INFO 2025-12-18 10:47:56,171 log 19046 140049261786816 "GET /static/admin/js/vendor/xregexp/xregexp.js HTTP/1.1" 200 325171
INFO 2025-12-18 10:47:56,307 log 19046 140049243952832 "GET /static/admin/css/changelists.css HTTP/1.1" 200 7501
INFO 2025-12-18 10:47:56,322 log 19046 140049235560128 "GET /static/admin/js/core.js HTTP/1.1" 200 6208
INFO 2025-12-18 10:47:56,323 log 19046 140049253394112 "GET /static/admin/js/jquery.init.js HTTP/1.1" 200 347
INFO 2025-12-18 10:47:56,325 log 19046 140048875906752 "GET /static/admin/js/admin/RelatedObjectLookups.js HTTP/1.1" 200 9777
INFO 2025-12-18 10:47:56,335 log 19046 140048884299456 "GET /admin/jsi18n/ HTTP/1.1" 200 3342
INFO 2025-12-18 10:47:56,419 log 19046 140049253394112 "GET /static/admin/js/urlify.js HTTP/1.1" 200 7887
INFO 2025-12-18 10:47:56,419 log 19046 140048884299456 "GET /static/admin/js/actions.js HTTP/1.1" 200 8076
INFO 2025-12-18 10:47:56,453 log 19046 140048875906752 "GET /static/admin/js/prepopulate.js HTTP/1.1" 200 1531
INFO 2025-12-18 10:47:56,454 log 19046 140048884299456 "GET /static/admin/img/icon-yes.svg HTTP/1.1" 200 558
INFO 2025-12-18 10:47:56,654 log 19046 140049235560128 "GET /static/admin/js/vendor/jquery/jquery.js HTTP/1.1" 200 285314
INFO 2025-12-18 10:47:56,686 log 19046 140049235560128 "GET /static/admin/img/search.svg HTTP/1.1" 200 607
INFO 2025-12-18 10:47:56,908 log 19046 140049235560128 "GET /static/admin/img/icon-viewlink.svg HTTP/1.1" 200 928
INFO 2025-12-18 10:47:56,909 log 19046 140048875906752 "GET /static/admin/img/sorting-icons.svg HTTP/1.1" 200 1761
INFO 2025-12-18 10:47:56,911 log 19046 140048884299456 "GET /static/admin/js/filters.js HTTP/1.1" 200 978
INFO 2025-12-18 10:47:57,013 log 19046 140049235560128 "GET /static/admin/img/tooltag-add.svg HTTP/1.1" 200 593
INFO 2025-12-18 10:48:06,537 log 19046 140049235560128 "GET /admin/users/user/b74ffbad-6759-41cf-8abd-2e488074e379/change/ HTTP/1.1" 200 21422
INFO 2025-12-18 10:48:06,593 log 19046 140049235560128 "GET /static/admin/css/forms.css HTTP/1.1" 200 8844
INFO 2025-12-18 10:48:06,596 log 19046 140049253394112 "GET /static/admin/js/prepopulate_init.js HTTP/1.1" 200 586
INFO 2025-12-18 10:48:06,599 log 19046 140049261786816 "GET /static/admin/js/admin/DateTimeShortcuts.js HTTP/1.1" 200 19698
INFO 2025-12-18 10:48:06,600 log 19046 140048875906752 "GET /static/admin/js/calendar.js HTTP/1.1" 200 9159
INFO 2025-12-18 10:48:06,600 log 19046 140048884299456 "GET /admin/jsi18n/ HTTP/1.1" 200 3342
INFO 2025-12-18 10:48:06,645 log 19046 140048875906752 "GET /static/admin/js/change_form.js HTTP/1.1" 200 606
INFO 2025-12-18 10:48:06,670 log 19046 140049235560128 "GET /static/admin/css/widgets.css HTTP/1.1" 200 11811
INFO 2025-12-18 10:48:06,838 log 19046 140048875906752 "GET /static/admin/img/icon-clock.svg HTTP/1.1" 200 805
INFO 2025-12-18 10:48:06,840 log 19046 140049235560128 "GET /static/admin/img/icon-calendar.svg HTTP/1.1" 200 1112
INFO 2025-12-18 10:48:12,403 log 19046 140048875906752 "GET /admin/jobs/job/ HTTP/1.1" 200 13057
INFO 2025-12-18 10:48:12,485 log 19046 140048875906752 "GET /admin/jsi18n/ HTTP/1.1" 200 3342
INFO 2025-12-18 10:48:14,722 log 19046 140048875906752 "GET /admin/jobs/jobview/ HTTP/1.1" 200 11848
INFO 2025-12-18 10:48:14,762 log 19046 140048875906752 "GET /admin/jsi18n/ HTTP/1.1" 200 3342
INFO 2025-12-18 10:48:16,268 log 19046 140048875906752 "GET /admin/jobs/jobattachment/ HTTP/1.1" 200 11306
INFO 2025-12-18 10:48:16,342 log 19046 140048875906752 "GET /admin/jsi18n/ HTTP/1.1" 200 3342
INFO 2025-12-18 10:48:17,652 log 19046 140048875906752 "GET /admin/jobs/job/ HTTP/1.1" 200 13057
INFO 2025-12-18 10:48:17,686 log 19046 140048875906752 "GET /admin/jsi18n/ HTTP/1.1" 200 3342
INFO 2025-12-18 10:48:18,972 log 19046 140048875906752 "GET /admin/users/user/ HTTP/1.1" 200 16982
INFO 2025-12-18 10:48:19,009 log 19046 140048875906752 "GET /admin/jsi18n/ HTTP/1.1" 200 3342
INFO 2025-12-18 10:48:20,820 log 19046 140048875906752 "GET /admin/users/freelancerprofile/ HTTP/1.1" 200 14212
INFO 2025-12-18 10:48:20,890 log 19046 140048875906752 "GET /admin/jsi18n/ HTTP/1.1" 200 3342
INFO 2025-12-18 10:58:32,122 log 19046 140048884299456 "GET /admin/users/ HTTP/1.1" 200 6027
INFO 2025-12-18 10:58:32,169 log 19046 140048884299456 "GET /static/admin/css/base.css HTTP/1.1" 304 0
INFO 2025-12-18 10:58:32,193 log 19046 140048884299456 "GET /static/admin/css/dark_mode.css HTTP/1.1" 304 0
INFO 2025-12-18 10:58:32,195 log 19046 140049235560128 "GET /static/admin/css/nav_sidebar.css HTTP/1.1" 304 0
INFO 2025-12-18 10:58:32,195 log 19046 140049253394112 "GET /static/admin/css/dashboard.css HTTP/1.1" 304 0
INFO 2025-12-18 10:58:32,198 log 19046 140049243952832 "GET /static/admin/js/theme.js HTTP/1.1" 304 0
INFO 2025-12-18 10:58:32,198 log 19046 140049261786816 "GET /static/admin/css/responsive.css HTTP/1.1" 304 0
INFO 2025-12-18 10:58:32,257 log 19046 140048884299456 "GET /static/admin/js/nav_sidebar.js HTTP/1.1" 304 0
INFO 2025-12-18 10:58:35,150 log 19046 140048884299456 "GET /admin/users/user/ HTTP/1.1" 200 16982
INFO 2025-12-18 10:58:35,191 log 19046 140048884299456 "GET /static/admin/css/changelists.css HTTP/1.1" 304 0
INFO 2025-12-18 10:58:35,218 log 19046 140049261786816 "GET /admin/jsi18n/ HTTP/1.1" 200 3342
INFO 2025-12-18 10:58:35,220 log 19046 140049235560128 "GET /static/admin/js/jquery.init.js HTTP/1.1" 304 0
INFO 2025-12-18 10:58:35,220 log 19046 140048867514048 "GET /static/admin/js/admin/RelatedObjectLookups.js HTTP/1.1" 304 0
INFO 2025-12-18 10:58:35,220 log 19046 140049253394112 "GET /static/admin/js/vendor/jquery/jquery.js HTTP/1.1" 304 0
INFO 2025-12-18 10:58:35,223 log 19046 140049243952832 "GET /static/admin/js/core.js HTTP/1.1" 304 0
INFO 2025-12-18 10:58:35,238 log 19046 140048884299456 "GET /static/admin/js/vendor/xregexp/xregexp.js HTTP/1.1" 304 0
INFO 2025-12-18 10:58:35,240 log 19046 140049253394112 "GET /static/admin/js/prepopulate.js HTTP/1.1" 304 0
INFO 2025-12-18 10:58:35,241 log 19046 140048867514048 "GET /static/admin/js/urlify.js HTTP/1.1" 304 0
INFO 2025-12-18 10:58:35,244 log 19046 140049235560128 "GET /static/admin/js/actions.js HTTP/1.1" 304 0
INFO 2025-12-18 10:58:35,245 log 19046 140049261786816 "GET /static/admin/img/icon-yes.svg HTTP/1.1" 304 0
INFO 2025-12-18 10:58:35,246 log 19046 140049243952832 "GET /static/admin/img/search.svg HTTP/1.1" 304 0
INFO 2025-12-18 10:58:35,301 log 19046 140049261786816 "GET /static/admin/js/filters.js HTTP/1.1" 304 0
